app/build/intermediates/manifest_merge_blame_file/release/manifest-merger-blame-release-report.txt
1<?xml version="1.0" encoding="utf-8"?>
2<manifest xmlns:android="http://schemas.android.com/apk/res/android"
3    package="com.khs.spcmeasure"
4    android:versionCode="6"
5    android:versionName="1.0.5" >
6
7    <uses-sdk
8        android:minSdkVersion="19"
8-->src\main\AndroidManifest.xml
9        android:targetSdkVersion="29" />
9-->src\main\AndroidManifest.xml
10
11    <uses-permission android:name="android.permission.INTERNET" />
11-->src\main\AndroidManifest.xml:7:5-67
11-->src\main\AndroidManifest.xml:7:22-64
12
13<!--     <uses-permission android:name="android.permission.ACCESS_FINE_LOCATION" /> -->
14
15
16    <!-- declare Bluetooth permissions -->
17    <uses-permission android:name="android.permission.BLUETOOTH" />
17-->src\main\AndroidManifest.xml:14:5-68
17-->src\main\AndroidManifest.xml:14:22-65
18    <uses-permission android:name="android.permission.BLUETOOTH_ADMIN" />
18-->src\main\AndroidManifest.xml:15:5-74
18-->src\main\AndroidManifest.xml:15:22-71
19
20    <!--
21    01 Jan 2020 needed due to Bluetooth deprecated methods in API level 21
22    fixes:
23    2020-01-01 11:51:55.339 27789-27803/com.khs.spcmeasure E/BluetoothLeScanner:
24    fail to start le scan - SecurityException thrown: java.lang.SecurityException:
25    Need ACCESS_COARSE_LOCATION or ACCESS_FINE_LOCATION permission to get scan results
26    see:
27    https://github.com/googlearchive/android-BluetoothLeGatt/issues/38
28    -->
29<!--     <uses-permission android:name="android.permission.ACCESS_COARSE_LOCATION" /> -->
30    <uses-permission android:name="android.permission.ACCESS_BACKGROUND_LOCATION" />
30-->src\main\AndroidManifest.xml:28:5-85
30-->src\main\AndroidManifest.xml:28:22-82
31    <uses-permission android:name="android.permission.ACCESS_FINE_LOCATION" />
31-->src\main\AndroidManifest.xml:29:5-79
31-->src\main\AndroidManifest.xml:29:22-76
32
33    <!-- ensure application is only available to devices which support Bluetooth Low Energy (BLE) -->
34    <uses-feature
34-->src\main\AndroidManifest.xml:32:5-34:35
35        android:name="android:.hardware.bluetooth_le"
35-->src\main\AndroidManifest.xml:33:9-54
36        android:required="true" />
36-->src\main\AndroidManifest.xml:34:9-32
37    <!-- barcode scanning -->
38    <uses-feature android:name="android.hardware.camera" />
38-->src\main\AndroidManifest.xml:36:5-60
38-->src\main\AndroidManifest.xml:36:19-57
39
40    <!--
41     <uses-permission
42        android:name="android.permission.WRITE_EXTERNAL_STORAGE"
43        android:maxSdkVersion="18" />
44    -->
45    <uses-permission android:name="android.permission.WRITE_EXTERNAL_STORAGE" />
45-->src\main\AndroidManifest.xml:43:5-81
45-->src\main\AndroidManifest.xml:43:22-78
46    <uses-permission android:name="android.permission.READ_PHONE_STATE" />
46-->src\main\AndroidManifest.xml:44:5-75
46-->src\main\AndroidManifest.xml:44:22-72
47    <uses-permission android:name="android.permission.ACCESS_NETWORK_STATE" />
47-->src\main\AndroidManifest.xml:45:5-79
47-->src\main\AndroidManifest.xml:45:22-76
48    <uses-permission
48-->src\main\AndroidManifest.xml:46:5-48:38
49        android:name="android.permission.READ_EXTERNAL_STORAGE"
49-->src\main\AndroidManifest.xml:47:9-64
50        android:maxSdkVersion="18" />
50-->src\main\AndroidManifest.xml:48:9-35
51
52    <!-- To auto-complete the email text field in the login form with the user's emails -->
53    <uses-permission android:name="android.permission.GET_ACCOUNTS" />
53-->src\main\AndroidManifest.xml:51:5-71
53-->src\main\AndroidManifest.xml:51:22-68
54    <uses-permission android:name="android.permission.READ_PROFILE" />
54-->src\main\AndroidManifest.xml:52:5-71
54-->src\main\AndroidManifest.xml:52:22-68
55    <uses-permission android:name="android.permission.READ_CONTACTS" />
55-->src\main\AndroidManifest.xml:53:5-72
55-->src\main\AndroidManifest.xml:53:22-69
56    <uses-permission android:name="android.permission.READ_CALL_LOG" />
56-->src\main\AndroidManifest.xml:54:5-72
56-->src\main\AndroidManifest.xml:54:22-69
57
58    <application
58-->src\main\AndroidManifest.xml:56:5-169:19
59        android:allowBackup="true"
59-->src\main\AndroidManifest.xml:57:9-35
60        android:appComponentFactory="androidx.core.app.CoreComponentFactory"
60-->[androidx.core:core:1.0.0] AndroidManifest.xml:22:18-86
61        android:icon="@drawable/ic_launcher"
61-->src\main\AndroidManifest.xml:58:9-45
62        android:label="@string/app_name"
62-->src\main\AndroidManifest.xml:59:9-41
63        android:theme="@style/AppTheme" >
63-->src\main\AndroidManifest.xml:60:9-40
64        <service
64-->src\main\AndroidManifest.xml:61:9-63:40
65            android:name="com.khs.spcmeasure.service.SylvacBleService"
65-->src\main\AndroidManifest.xml:62:13-53
66            android:exported="false" />
66-->src\main\AndroidManifest.xml:63:13-37
67
68        <activity
68-->src\main\AndroidManifest.xml:65:9-74:20
69            android:name="com.khs.spcmeasure.ui.SetupListActivity"
69-->src\main\AndroidManifest.xml:66:13-49
70            android:label="@string/app_name"
70-->src\main\AndroidManifest.xml:67:13-45
71            android:launchMode="singleTop" >
71-->src\main\AndroidManifest.xml:68:13-43
72            <intent-filter>
72-->src\main\AndroidManifest.xml:69:13-73:29
73                <action android:name="android.intent.action.MAIN" />
73-->src\main\AndroidManifest.xml:70:17-69
73-->src\main\AndroidManifest.xml:70:25-66
74
75                <category android:name="android.intent.category.LAUNCHER" />
75-->src\main\AndroidManifest.xml:72:17-77
75-->src\main\AndroidManifest.xml:72:27-74
76            </intent-filter>
77        </activity>
78        <activity
78-->src\main\AndroidManifest.xml:75:9-83:20
79            android:name="com.khs.spcmeasure.ui.SetupImportActivity"
79-->src\main\AndroidManifest.xml:76:13-51
80            android:label="@string/title_activity_import_setup"
80-->src\main\AndroidManifest.xml:77:13-64
81            android:launchMode="singleTop"
81-->src\main\AndroidManifest.xml:78:13-43
82            android:parentActivityName="com.khs.spcmeasure.ui.SetupListActivity" >
82-->src\main\AndroidManifest.xml:79:13-63
83            <meta-data
83-->src\main\AndroidManifest.xml:80:13-82:57
84                android:name="android.support.PARENT_ACTIVITY"
84-->src\main\AndroidManifest.xml:81:17-63
85                android:value=".ui.SetupListActivity" />
85-->src\main\AndroidManifest.xml:82:17-54
86        </activity>
87        <activity
87-->src\main\AndroidManifest.xml:84:9-92:20
88            android:name="com.khs.spcmeasure.ui.PieceListActivity"
88-->src\main\AndroidManifest.xml:85:13-49
89            android:label="@string/title_activity_piece_list"
89-->src\main\AndroidManifest.xml:86:13-62
90            android:launchMode="singleTop"
90-->src\main\AndroidManifest.xml:87:13-43
91            android:parentActivityName="com.khs.spcmeasure.ui.SetupListActivity" >
91-->src\main\AndroidManifest.xml:88:13-63
92            <meta-data
92-->src\main\AndroidManifest.xml:80:13-82:57
93                android:name="android.support.PARENT_ACTIVITY"
93-->src\main\AndroidManifest.xml:81:17-63
94                android:value=".ui.SetupListActivity" />
94-->src\main\AndroidManifest.xml:82:17-54
95        </activity>
96        <activity
96-->src\main\AndroidManifest.xml:93:9-101:20
97            android:name="com.khs.spcmeasure.ui.FeatureReviewActivity"
97-->src\main\AndroidManifest.xml:94:13-53
98            android:label="@string/title_activity_feature_review"
98-->src\main\AndroidManifest.xml:95:13-66
99            android:launchMode="singleTop"
99-->src\main\AndroidManifest.xml:96:13-43
100            android:parentActivityName="com.khs.spcmeasure.ui.PieceListActivity" >
100-->src\main\AndroidManifest.xml:97:13-63
101            <meta-data
101-->src\main\AndroidManifest.xml:80:13-82:57
102                android:name="android.support.PARENT_ACTIVITY"
102-->src\main\AndroidManifest.xml:81:17-63
103                android:value=".ui.PieceListActivity" />
103-->src\main\AndroidManifest.xml:82:17-54
104        </activity>
105        <activity
105-->src\main\AndroidManifest.xml:102:9-110:20
106            android:name="com.khs.spcmeasure.ui.FeatureActivity"
106-->src\main\AndroidManifest.xml:103:13-47
107            android:label="@string/title_activity_feature"
107-->src\main\AndroidManifest.xml:104:13-59
108            android:launchMode="singleTop"
108-->src\main\AndroidManifest.xml:105:13-43
109            android:parentActivityName="com.khs.spcmeasure.ui.FeatureReviewActivity" >
109-->src\main\AndroidManifest.xml:106:13-67
110            <meta-data
110-->src\main\AndroidManifest.xml:80:13-82:57
111                android:name="android.support.PARENT_ACTIVITY"
111-->src\main\AndroidManifest.xml:81:17-63
112                android:value=".ui.FeatureReviewActivity" />
112-->src\main\AndroidManifest.xml:82:17-54
113        </activity>
114        <activity android:name="com.khs.spcmeasure.ui.SettingsActivity" >
114-->src\main\AndroidManifest.xml:111:9-115:20
114-->src\main\AndroidManifest.xml:111:19-54
115            <meta-data
115-->src\main\AndroidManifest.xml:80:13-82:57
116                android:name="android.support.PARENT_ACTIVITY"
116-->src\main\AndroidManifest.xml:81:17-63
117                android:value=".ui.SetupListActivity" />
117-->src\main\AndroidManifest.xml:82:17-54
118        </activity>
119        <activity android:name="com.khs.spcmeasure.ui.ErrorDialogActivity" />
119-->src\main\AndroidManifest.xml:116:9-69
119-->src\main\AndroidManifest.xml:116:19-57
120
121        <service
121-->src\main\AndroidManifest.xml:118:9-121:40
122            android:name="com.khs.spcmeasure.service.SimpleCodeService"
122-->src\main\AndroidManifest.xml:119:13-54
123            android:enabled="true"
123-->src\main\AndroidManifest.xml:120:13-35
124            android:exported="false" />
124-->src\main\AndroidManifest.xml:121:13-37
125        <service
125-->src\main\AndroidManifest.xml:122:9-125:40
126            android:name="com.khs.spcmeasure.service.SetupService"
126-->src\main\AndroidManifest.xml:123:13-49
127            android:enabled="true"
127-->src\main\AndroidManifest.xml:124:13-35
128            android:exported="false" />
128-->src\main\AndroidManifest.xml:125:13-37
129        <service
129-->src\main\AndroidManifest.xml:126:9-129:40
130            android:name="com.khs.spcmeasure.service.MeasurementService"
130-->src\main\AndroidManifest.xml:127:13-55
131            android:enabled="true"
131-->src\main\AndroidManifest.xml:128:13-35
132            android:exported="false" />
132-->src\main\AndroidManifest.xml:129:13-37
133        <service
133-->src\main\AndroidManifest.xml:130:9-133:40
134            android:name="com.khs.spcmeasure.service.PieceService"
134-->src\main\AndroidManifest.xml:131:13-49
135            android:enabled="true"
135-->src\main\AndroidManifest.xml:132:13-35
136            android:exported="false" />
136-->src\main\AndroidManifest.xml:133:13-37
137
138        <activity
138-->src\main\AndroidManifest.xml:135:9-142:20
139            android:name="com.khs.spcmeasure.widget.LoginActivityOld"
139-->src\main\AndroidManifest.xml:136:13-52
140            android:label="@string/title_activity_login"
140-->src\main\AndroidManifest.xml:137:13-57
141            android:parentActivityName="com.khs.spcmeasure.ui.SetupListActivity" >
141-->src\main\AndroidManifest.xml:138:13-63
142            <meta-data
142-->src\main\AndroidManifest.xml:80:13-82:57
143                android:name="android.support.PARENT_ACTIVITY"
143-->src\main\AndroidManifest.xml:81:17-63
144                android:value=".ui.SetupListActivity" />
144-->src\main\AndroidManifest.xml:82:17-54
145        </activity>
146        <activity
146-->src\main\AndroidManifest.xml:143:9-146:71
147            android:name="com.khs.spcmeasure.ui.LoginActivity"
147-->src\main\AndroidManifest.xml:144:13-45
148            android:label="@string/title_activity_login"
148-->src\main\AndroidManifest.xml:145:13-57
149            android:windowSoftInputMode="adjustResize|stateVisible" />
149-->src\main\AndroidManifest.xml:146:13-68
150
151        <service
151-->src\main\AndroidManifest.xml:148:9-150:40
152            android:name="com.khs.spcmeasure.service.HistoryService"
152-->src\main\AndroidManifest.xml:149:13-51
153            android:exported="false" />
153-->src\main\AndroidManifest.xml:150:13-37
154
155        <activity
155-->src\main\AndroidManifest.xml:152:9-154:67
156            android:name="com.khs.spcmeasure.ui.CheckUpdateActivity"
156-->src\main\AndroidManifest.xml:153:13-51
157            android:label="@string/text_version_check" />
157-->src\main\AndroidManifest.xml:154:13-55
158        <activity
158-->src\main\AndroidManifest.xml:156:9-158:59
159            android:name="com.khs.spcmeasure.ui.AboutActivity"
159-->src\main\AndroidManifest.xml:157:13-45
160            android:label="@string/text_about" />
160-->src\main\AndroidManifest.xml:158:13-47
161
162        <receiver
162-->src\main\AndroidManifest.xml:160:9-168:20
163            android:name="com.khs.spcmeasure.receiver.VersionReceiver"
163-->src\main\AndroidManifest.xml:161:13-53
164            android:enabled="true"
164-->src\main\AndroidManifest.xml:162:13-35
165            android:exported="false" >
165-->src\main\AndroidManifest.xml:163:13-37
166            <intent-filter>
166-->src\main\AndroidManifest.xml:164:13-167:29
167                <action android:name="com.khs.spcmeasure.VERSION_NOT_OK" >
167-->src\main\AndroidManifest.xml:165:17-166:26
167-->src\main\AndroidManifest.xml:165:25-73
168                </action>
169            </intent-filter>
170        </receiver>
171    </application>
172
173</manifest>